<?xml version="1.0" encoding="UTF-8"?>
<!-- Generated by org.testng.reporters.JUnitReportReporter -->
<testsuite hostname="WKWZTmLsfr3dx3L" failures="0" tests="1" name="Report.dT1" time="0.101" errors="0" timestamp="2022-11-22T18:27:38 IST" skipped="0">
  <testcase classname="Report.dT1" name="login" time="0.101"/>
  <system-out/>
</testsuite> <!-- Report.dT1 -->
