<?xml version="1.0" encoding="UTF-8"?>
<!-- Generated by org.testng.reporters.JUnitReportReporter -->
<testsuite hostname="WKWZTmLsfr3dx3L" failures="0" tests="1" name="Day4.ExcelDataDriver" time="0.425" errors="0" timestamp="2022-11-23T16:04:51 IST" skipped="0">
  <testcase classname="Day4.ExcelDataDriver" name="data" time="0.425"/>
  <system-out/>
</testsuite> <!-- Day4.ExcelDataDriver -->
