<?xml version="1.0" encoding="UTF-8"?>
<!-- Generated by org.testng.reporters.JUnitReportReporter -->
<testsuite hostname="WKWZTmLsfr3dx3L" failures="0" tests="5" name="Report.TestClass1" time="27.137" errors="0" timestamp="2022-11-23T15:53:59 IST" skipped="0">
  <testcase classname="Report.TestClass1" name="validUsernameInvalidPassword" time="4.621"/>
  <system-out/>
  <testcase classname="Report.TestClass1" name="InvalidUsernameInvalidPassword" time="4.580"/>
  <system-out/>
  <testcase classname="Report.TestClass1" name="validCredentials" time="8.198"/>
  <system-out/>
  <testcase classname="Report.TestClass1" name="noDetails" time="3.907"/>
  <system-out/>
  <testcase classname="Report.TestClass1" name="InvalidUsernamevalidPassword" time="5.831"/>
  <system-out/>
</testsuite> <!-- Report.TestClass1 -->
