<?xml version="1.0" encoding="UTF-8"?>
<!-- Generated by org.testng.reporters.JUnitReportReporter -->
<testsuite hostname="WKWZTmLsfr3dx3L" failures="0" tests="1" name="Report.cd" time="6.636" errors="0" timestamp="2022-11-23T15:53:59 IST" skipped="0">
  <testcase classname="Report.cd" name="Create" time="6.636"/>
  <system-out/>
</testsuite> <!-- Report.cd -->
