<?xml version="1.0" encoding="UTF-8"?>
<!-- Generated by org.testng.reporters.JUnitReportReporter -->
<testsuite hostname="WKWZTmLsfr3dx3L" failures="0" tests="5" name="day3.TestClass1" time="26.164" errors="0" timestamp="2022-11-22T17:45:26 IST" skipped="0">
  <testcase classname="day3.TestClass1" name="InvalidUsernamevalidPassword" time="4.691"/>
  <system-out/>
  <testcase classname="day3.TestClass1" name="validCredentials" time="7.408"/>
  <system-out/>
  <testcase classname="day3.TestClass1" name="InvalidUsernameInvalidPassword" time="4.308"/>
  <system-out/>
  <testcase classname="day3.TestClass1" name="noDetails" time="4.663"/>
  <system-out/>
  <testcase classname="day3.TestClass1" name="validUsernameInvalidPassword" time="5.094"/>
  <system-out/>
</testsuite> <!-- day3.TestClass1 -->
