<?xml version="1.0" encoding="UTF-8"?>
<!-- Generated by org.testng.reporters.JUnitReportReporter -->
<testsuite hostname="WKWZTmLsfr3dx3L" failures="0" tests="2" name="Report.AssertionDemo" time="0.002" errors="0" timestamp="2022-11-23T15:53:59 IST" skipped="0">
  <testcase classname="Report.AssertionDemo" name="login" time="0.000"/>
  <system-out/>
  <testcase classname="Report.AssertionDemo" name="logOutApplication" time="0.002"/>
  <system-out/>
</testsuite> <!-- Report.AssertionDemo -->
