<?xml version="1.0" encoding="UTF-8"?>
<!-- Generated by org.testng.reporters.JUnitReportReporter -->
<testsuite hostname="WKWZTmLsfr3dx3L" failures="0" tests="3" name="day3.MyFirstTestNGTest" time="0.004" errors="0" timestamp="2022-11-22T16:57:19 IST" skipped="0">
  <testcase classname="day3.MyFirstTestNGTest" name="login" time="0.001"/>
  <system-out/>
  <testcase classname="day3.MyFirstTestNGTest" name="createAccount" time="0.002"/>
  <system-out/>
  <testcase classname="day3.MyFirstTestNGTest" name="deleteAccount" time="0.001"/>
  <system-out/>
</testsuite> <!-- day3.MyFirstTestNGTest -->
