<?xml version="1.0" encoding="UTF-8"?>
<!-- Generated by org.testng.reporters.JUnitReportReporter -->
<testsuite hostname="WKWZTmLsfr3dx3L" failures="0" tests="2" name="day3.AssertionDemo" time="0.005" errors="0" timestamp="2022-11-22T16:57:19 IST" skipped="0">
  <testcase classname="day3.AssertionDemo" name="logOutApplication" time="0.003"/>
  <system-out/>
  <testcase classname="day3.AssertionDemo" name="login" time="0.002"/>
  <system-out/>
</testsuite> <!-- day3.AssertionDemo -->
