<?xml version="1.0" encoding="UTF-8"?>
<!-- Generated by org.testng.reporters.JUnitReportReporter -->
<testsuite hostname="WKWZTmLsfr3dx3L" failures="0" tests="1" name="day5.FileUpload" time="15.245" errors="0" timestamp="2022-11-25T08:30:09 IST" skipped="0">
  <testcase classname="day5.FileUpload" name="test" time="15.245"/>
  <system-out/>
</testsuite> <!-- day5.FileUpload -->
