<?xml version="1.0" encoding="UTF-8"?>
<!-- Generated by org.testng.reporters.JUnitReportReporter -->
<testsuite hostname="WKWZTmLsfr3dx3L" failures="0" tests="3" name="Report.MyFirstTestNGTest" time="0.007" errors="0" timestamp="2022-11-23T15:53:59 IST" skipped="0">
  <testcase classname="Report.MyFirstTestNGTest" name="deleteAccount" time="0.001"/>
  <system-out/>
  <testcase classname="Report.MyFirstTestNGTest" name="createAccount" time="0.005"/>
  <system-out/>
  <testcase classname="Report.MyFirstTestNGTest" name="login" time="0.001"/>
  <system-out/>
</testsuite> <!-- Report.MyFirstTestNGTest -->
