<?xml version="1.0" encoding="UTF-8"?>
<!-- Generated by org.testng.reporters.JUnitReportReporter -->
<testsuite hostname="WKWZTmLsfr3dx3L" failures="0" tests="10" name="Report.TestClass1" time="52.246" errors="0" timestamp="2022-11-23T16:39:16 IST" skipped="0">
  <testcase classname="Report.TestClass1" name="validCredentials" time="7.161"/>
  <system-out/>
  <testcase classname="Report.TestClass1" name="InvalidUsernamevalidPassword" time="5.860"/>
  <system-out/>
  <testcase classname="Report.TestClass1" name="InvalidUsernameInvalidPassword" time="4.865"/>
  <system-out/>
  <testcase classname="Report.TestClass1" name="InvalidUsernameInvalidPassword" time="4.586"/>
  <system-out/>
  <testcase classname="Report.TestClass1" name="noDetails" time="3.818"/>
  <system-out/>
  <testcase classname="Report.TestClass1" name="noDetails" time="4.141"/>
  <system-out/>
  <testcase classname="Report.TestClass1" name="validCredentials" time="7.603"/>
  <system-out/>
  <testcase classname="Report.TestClass1" name="validUsernameInvalidPassword" time="4.968"/>
  <system-out/>
  <testcase classname="Report.TestClass1" name="validUsernameInvalidPassword" time="4.908"/>
  <system-out/>
  <testcase classname="Report.TestClass1" name="InvalidUsernamevalidPassword" time="4.336"/>
  <system-out/>
</testsuite> <!-- Report.TestClass1 -->
