<?xml version="1.0" encoding="UTF-8"?>
<!-- Generated by org.testng.reporters.JUnitReportReporter -->
<testsuite hostname="WKWZTmLsfr3dx3L" failures="0" tests="2" name="Report.cd" time="9.048" errors="0" timestamp="2022-11-23T16:39:16 IST" skipped="0">
  <testcase classname="Report.cd" name="Create" time="3.783"/>
  <system-out/>
  <testcase classname="Report.cd" name="Create" time="5.265"/>
  <system-out/>
</testsuite> <!-- Report.cd -->
